Using pre-set license
Built from '2020.3/staging' branch; Version is '2020.3.5f1 (8095aa901b9b) revision 8426922'; Using compiler version '192528614'; Build Type 'Release'
OS: 'Windows 10 Home; OS build 19042.867; Version 2009; 64bit' Language: 'en' Physical Memory: 24519 MB
BatchMode: 1, IsHumanControllingUs: 0, StartBugReporterOnCrash: 0, Is64bit: 1, IsPro: 0

 COMMAND LINE ARGUMENTS:
C:\Program Files\Unity\Hub\Editor\2020.3.5f1\Editor\Unity.exe
-adb2
-batchMode
-noUpm
-name
AssetImportWorker0
-projectPath
E:/GithHub/Le-Grande-Finale-/Archeological Expedition
-logFile
Logs/AssetImportWorker0.log
-srvPort
57832
Successfully changed project path to: E:/GithHub/Le-Grande-Finale-/Archeological Expedition
E:/GithHub/Le-Grande-Finale-/Archeological Expedition
Using Asset Import Pipeline V2.
Refreshing native plugins compatible for Editor in 31.12 ms, found 3 plugins.
Preloading 1 native plugins for Editor in 1.02 ms.
Initialize engine version: 2020.3.5f1 (8095aa901b9b)
[Subsystems] Discovering subsystems at path C:/Program Files/Unity/Hub/Editor/2020.3.5f1/Editor/Data/Resources/UnitySubsystems
[Subsystems] Discovering subsystems at path E:/GithHub/Le-Grande-Finale-/Archeological Expedition/Assets
GfxDevice: creating device client; threaded=0
Direct3D:
    Version:  Direct3D 11.0 [level 11.1]
    Renderer: NVIDIA GeForce GTX 1080 (ID=0x1b80)
    Vendor:   
    VRAM:     8079 MB
    Driver:   27.21.14.5751
Initialize mono
Mono path[0] = 'C:/Program Files/Unity/Hub/Editor/2020.3.5f1/Editor/Data/Managed'
Mono path[1] = 'C:/Program Files/Unity/Hub/Editor/2020.3.5f1/Editor/Data/MonoBleedingEdge/lib/mono/unityjit'
Mono config path = 'C:/Program Files/Unity/Hub/Editor/2020.3.5f1/Editor/Data/MonoBleedingEdge/etc'
Using monoOptions --debugger-agent=transport=dt_socket,embedding=1,server=y,suspend=n,address=127.0.0.1:56056
Begin MonoManager ReloadAssembly
Registering precompiled unity dll's ...
Register platform support module: C:/Program Files/Unity/Hub/Editor/2020.3.5f1/Editor/Data/PlaybackEngines/WindowsStandaloneSupport/UnityEditor.WindowsStandalone.Extensions.dll
Registered in 0.001704 seconds.
Native extension for WindowsStandalone target not found
Refreshing native plugins compatible for Editor in 28.71 ms, found 3 plugins.
Preloading 1 native plugins for Editor in 0.06 ms.
Mono: successfully reloaded assembly
- Completed reload, in  1.558 seconds
Platform modules already initialized, skipping
Registering precompiled user dll's ...
Registered in 0.001305 seconds.
Begin MonoManager ReloadAssembly
Native extension for WindowsStandalone target not found
Refreshing native plugins compatible for Editor in 27.72 ms, found 3 plugins.
Preloading 1 native plugins for Editor in 0.06 ms.
[XR] OculusXRPlugin: registering subsystems
[XR] Unable to register display lifecyle provider: [1]
[XR] Oculus Input lifecycle provider registered.
[XR] Unable to register input lifecyle provider: [1]
NullReferenceException: Object reference not set to an instance of an object
  at Unity.XR.Oculus.OculusLoader.AssetPathToAbsolutePath (System.String assetPath) [0x00048] in E:\GithHub\Le-Grande-Finale-\Archeological Expedition\Library\PackageCache\com.unity.xr.oculus@1.9.0\Runtime\OculusLoader.cs:249 
  at Unity.XR.Oculus.OculusLoader.EditorLoadOVRPlugin () [0x0007b] in E:\GithHub\Le-Grande-Finale-\Archeological Expedition\Library\PackageCache\com.unity.xr.oculus@1.9.0\Runtime\OculusLoader.cs:234 

(Filename: Library/PackageCache/com.unity.xr.oculus@1.9.0/Runtime/OculusLoader.cs Line: 249)

Mono: successfully reloaded assembly
- Completed reload, in  0.846 seconds
Platform modules already initialized, skipping
========================================================================
Worker process is ready to serve import requests
Launched and connected shader compiler UnityShaderCompiler.exe after 0.04 seconds
Refreshing native plugins compatible for Editor in 0.36 ms, found 3 plugins.
Preloading 1 native plugins for Editor in 0.06 ms.
Unloading 1650 Unused Serialized files (Serialized files now loaded: 0)
System memory in use before: 88.8 MB.
System memory in use after: 88.9 MB.

Unloading 13 unused Assets to reduce memory usage. Loaded Objects now: 2113.
Total: 1.941300 ms (FindLiveObjects: 0.161800 ms CreateObjectMapping: 0.048100 ms MarkObjects: 1.653300 ms  DeleteObjects: 0.077400 ms)

========================================================================
Received Import Request.
  path: Assets/Thirdparty/Gridbox Prototype Materials/Demo/Prototype Materials Demo/GI Blocker.mat
  artifactKey: Guid(f9a5ce4748e5abd4288cab387226ef27) Importer(815301076,1909f56bfc062723c751e8b465ee728b)
Start importing Assets/Thirdparty/Gridbox Prototype Materials/Demo/Prototype Materials Demo/GI Blocker.mat using Guid(f9a5ce4748e5abd4288cab387226ef27) Importer(815301076,1909f56bfc062723c751e8b465ee728b)  -> (artifact id: 'c6a2eca3869a3431c35da620e67de020') in 0.111965 seconds
  Import took 0.114193 seconds .

========================================================================
Received Import Request.
  Time since last request: 0.000282 seconds.
  path: Assets/Thirdparty/Gridbox Prototype Materials/Demo/Prototype Materials Demo
  artifactKey: Guid(3d252abe04c3e3543bf218f891408699) Importer(815301076,1909f56bfc062723c751e8b465ee728b)
Start importing Assets/Thirdparty/Gridbox Prototype Materials/Demo/Prototype Materials Demo using Guid(3d252abe04c3e3543bf218f891408699) Importer(815301076,1909f56bfc062723c751e8b465ee728b)  -> (artifact id: '416a0eefec297b6e4a86a07924889d38') in 0.013104 seconds
  Import took 0.015598 seconds .

========================================================================
Received Import Request.
  Time since last request: 0.000164 seconds.
  path: Assets/Thirdparty/Gridbox Prototype Materials/Demo/Prototype Materials Demo/Neon Light.mat
  artifactKey: Guid(b234e1586ac9f524f8162eb03da23c35) Importer(815301076,1909f56bfc062723c751e8b465ee728b)
Start importing Assets/Thirdparty/Gridbox Prototype Materials/Demo/Prototype Materials Demo/Neon Light.mat using Guid(b234e1586ac9f524f8162eb03da23c35) Importer(815301076,1909f56bfc062723c751e8b465ee728b)  -> (artifact id: '1396188510998e709acd82fdcb723c40') in 0.027604 seconds
  Import took 0.030284 seconds .

========================================================================
Received Import Request.
  Time since last request: 0.000228 seconds.
  path: Assets/Thirdparty/Gridbox Prototype Materials/Demo/Prototype Materials Demo/Demo Lightmap Parameters.giparams
  artifactKey: Guid(c833c6a9a24b72f40ae6e54d900acae3) Importer(815301076,1909f56bfc062723c751e8b465ee728b)
Start importing Assets/Thirdparty/Gridbox Prototype Materials/Demo/Prototype Materials Demo/Demo Lightmap Parameters.giparams using Guid(c833c6a9a24b72f40ae6e54d900acae3) Importer(815301076,1909f56bfc062723c751e8b465ee728b)  -> (artifact id: '7f98ea4c7ce390e4d144bb4b2b712909') in 0.016281 seconds
  Import took 0.019029 seconds .

========================================================================
Received Import Request.
  Time since last request: 0.000261 seconds.
  path: Assets/Thirdparty/Gridbox Prototype Materials/Demo
  artifactKey: Guid(3de561fa98ff40e488219f13513722ae) Importer(815301076,1909f56bfc062723c751e8b465ee728b)
Start importing Assets/Thirdparty/Gridbox Prototype Materials/Demo using Guid(3de561fa98ff40e488219f13513722ae) Importer(815301076,1909f56bfc062723c751e8b465ee728b)  -> (artifact id: '9e76feda623de6956ed69f97cf4e8c61') in 0.012999 seconds
  Import took 0.015538 seconds .

========================================================================
Received Import Request.
  Time since last request: 0.000219 seconds.
  path: Assets/Thirdparty/Gridbox Prototype Materials/Demo/Prototype Materials Demo/Demo Lightmap Parameters.giparams
  artifactKey: Guid(c833c6a9a24b72f40ae6e54d900acae3) Importer(815301076,1909f56bfc062723c751e8b465ee728b)
Start importing Assets/Thirdparty/Gridbox Prototype Materials/Demo/Prototype Materials Demo/Demo Lightmap Parameters.giparams using Guid(c833c6a9a24b72f40ae6e54d900acae3) Importer(815301076,1909f56bfc062723c751e8b465ee728b)  -> (artifact id: '7f98ea4c7ce390e4d144bb4b2b712909') in 0.010270 seconds
  Import took 0.012943 seconds .

========================================================================
Received Import Request.
  Time since last request: 2.214081 seconds.
  path: Assets/Thirdparty/Gridbox Prototype Materials/Resources/Materials
  artifactKey: Guid(cab0486873751c3439bc88f33c84dea7) Importer(815301076,1909f56bfc062723c751e8b465ee728b)
Start importing Assets/Thirdparty/Gridbox Prototype Materials/Resources/Materials using Guid(cab0486873751c3439bc88f33c84dea7) Importer(815301076,1909f56bfc062723c751e8b465ee728b)  -> (artifact id: 'cce4187695c1f0c1da7c529d6524b3a4') in 0.016883 seconds
  Import took 0.019362 seconds .

========================================================================
Received Prepare
Refreshing native plugins compatible for Editor in 0.76 ms, found 3 plugins.
Preloading 1 native plugins for Editor in 0.05 ms.
Unloading 3 Unused Serialized files (Serialized files now loaded: 0)
System memory in use before: 59.6 MB.
System memory in use after: 59.7 MB.

Unloading 3 unused Assets to reduce memory usage. Loaded Objects now: 2153.
Total: 2.183500 ms (FindLiveObjects: 0.155300 ms CreateObjectMapping: 0.058000 ms MarkObjects: 1.915000 ms  DeleteObjects: 0.054200 ms)

========================================================================
Received Import Request.
  Time since last request: 69.221762 seconds.
  path: Assets/Thirdparty/Gridbox Prototype Materials/Resources/Materials/Skybox
  artifactKey: Guid(e794d9bd7ccf473498946fa53f28db0c) Importer(815301076,1909f56bfc062723c751e8b465ee728b)
Start importing Assets/Thirdparty/Gridbox Prototype Materials/Resources/Materials/Skybox using Guid(e794d9bd7ccf473498946fa53f28db0c) Importer(815301076,1909f56bfc062723c751e8b465ee728b)  -> (artifact id: '967ec16782b374d912a390bebb15966d') in 0.017225 seconds
  Import took 0.019789 seconds .

========================================================================
Received Import Request.
  Time since last request: 0.044953 seconds.
  path: Assets/Thirdparty/Gridbox Prototype Materials/Resources/Materials/Skybox/Homogenous.mat
  artifactKey: Guid(69b7c4dc730691c4abb72e9a63ce23ff) Importer(815301076,1909f56bfc062723c751e8b465ee728b)
Start importing Assets/Thirdparty/Gridbox Prototype Materials/Resources/Materials/Skybox/Homogenous.mat using Guid(69b7c4dc730691c4abb72e9a63ce23ff) Importer(815301076,1909f56bfc062723c751e8b465ee728b)  -> (artifact id: '631dcee3a49d35f358e376dcc902589d') in 0.070845 seconds
  Import took 0.073420 seconds .

========================================================================
Received Import Request.
  Time since last request: 0.000242 seconds.
  path: Assets/Thirdparty/Gridbox Prototype Materials/Resources/Materials/Skybox/Skybox Pink.mat
  artifactKey: Guid(e1466517f0324e543bdaa4af82c4cad0) Importer(815301076,1909f56bfc062723c751e8b465ee728b)
Start importing Assets/Thirdparty/Gridbox Prototype Materials/Resources/Materials/Skybox/Skybox Pink.mat using Guid(e1466517f0324e543bdaa4af82c4cad0) Importer(815301076,1909f56bfc062723c751e8b465ee728b)  -> (artifact id: '0768681eeb20a173854155dbec68adf9') in 0.403685 seconds
  Import took 0.405863 seconds .

========================================================================
Received Import Request.
  Time since last request: 0.000235 seconds.
  path: Assets/Thirdparty/Gridbox Prototype Materials/Resources/Materials/Skybox/Skybox Grey.mat
  artifactKey: Guid(32be28fd0faea1641aff7ddbf194bb6a) Importer(815301076,1909f56bfc062723c751e8b465ee728b)
Start importing Assets/Thirdparty/Gridbox Prototype Materials/Resources/Materials/Skybox/Skybox Grey.mat using Guid(32be28fd0faea1641aff7ddbf194bb6a) Importer(815301076,1909f56bfc062723c751e8b465ee728b)  -> (artifact id: '7fe9af056b660f08705cbcc49d116417') in 0.028743 seconds
  Import took 0.030839 seconds .

========================================================================
Received Import Request.
  Time since last request: 0.000251 seconds.
  path: Assets/Thirdparty/Gridbox Prototype Materials/Resources/Materials/Skybox/Skybox Night.mat
  artifactKey: Guid(e19adf50a9d4b374d99ba1eaa1497e60) Importer(815301076,1909f56bfc062723c751e8b465ee728b)
Start importing Assets/Thirdparty/Gridbox Prototype Materials/Resources/Materials/Skybox/Skybox Night.mat using Guid(e19adf50a9d4b374d99ba1eaa1497e60) Importer(815301076,1909f56bfc062723c751e8b465ee728b)  -> (artifact id: '8c70947a1c606b6dcd93feb8a617cc43') in 0.069462 seconds
  Import took 0.071579 seconds .

========================================================================
Received Import Request.
  Time since last request: 0.000290 seconds.
  path: Assets/Thirdparty/Gridbox Prototype Materials/Resources/Materials/Skybox/Skybox Green.mat
  artifactKey: Guid(3f8d5e4fd826ec04293f64a40946a188) Importer(815301076,1909f56bfc062723c751e8b465ee728b)
Start importing Assets/Thirdparty/Gridbox Prototype Materials/Resources/Materials/Skybox/Skybox Green.mat using Guid(3f8d5e4fd826ec04293f64a40946a188) Importer(815301076,1909f56bfc062723c751e8b465ee728b)  -> (artifact id: 'fe1c9db2100cf803cd30992eed452119') in 0.028819 seconds
  Import took 0.031150 seconds .

========================================================================
Received Import Request.
  Time since last request: 0.000246 seconds.
  path: Assets/Thirdparty/Gridbox Prototype Materials/Resources/Materials/Skybox/Skybox Blue.mat
  artifactKey: Guid(d2f24bfdb0a758e41813bbc7ae4f978f) Importer(815301076,1909f56bfc062723c751e8b465ee728b)
Start importing Assets/Thirdparty/Gridbox Prototype Materials/Resources/Materials/Skybox/Skybox Blue.mat using Guid(d2f24bfdb0a758e41813bbc7ae4f978f) Importer(815301076,1909f56bfc062723c751e8b465ee728b)  -> (artifact id: '2650b9b3c6f09965143320bd7e83d12a') in 0.027897 seconds
  Import took 0.030041 seconds .

========================================================================
Received Import Request.
  Time since last request: 0.000251 seconds.
  path: Assets/Thirdparty/Gridbox Prototype Materials/Resources/Materials/Skybox/Skybox Golden.mat
  artifactKey: Guid(3dd17ef8b3eba264ea4b016ffd09e334) Importer(815301076,1909f56bfc062723c751e8b465ee728b)
Start importing Assets/Thirdparty/Gridbox Prototype Materials/Resources/Materials/Skybox/Skybox Golden.mat using Guid(3dd17ef8b3eba264ea4b016ffd09e334) Importer(815301076,1909f56bfc062723c751e8b465ee728b)  -> (artifact id: '57d2ae54263c60eca37b00a48db9c2d6') in 0.027459 seconds
  Import took 0.029573 seconds .

========================================================================
Received Prepare
Registering precompiled user dll's ...
Registered in 0.001123 seconds.
Begin MonoManager ReloadAssembly
Native extension for WindowsStandalone target not found
Refreshing native plugins compatible for Editor in 0.35 ms, found 3 plugins.
Preloading 1 native plugins for Editor in 0.07 ms.
NullReferenceException: Object reference not set to an instance of an object
  at Unity.XR.Oculus.OculusLoader.AssetPathToAbsolutePath (System.String assetPath) [0x00048] in E:\GithHub\Le-Grande-Finale-\Archeological Expedition\Library\PackageCache\com.unity.xr.oculus@1.9.0\Runtime\OculusLoader.cs:249 
  at Unity.XR.Oculus.OculusLoader.EditorLoadOVRPlugin () [0x0007b] in E:\GithHub\Le-Grande-Finale-\Archeological Expedition\Library\PackageCache\com.unity.xr.oculus@1.9.0\Runtime\OculusLoader.cs:234 

(Filename: Library/PackageCache/com.unity.xr.oculus@1.9.0/Runtime/OculusLoader.cs Line: 249)

Mono: successfully reloaded assembly
- Completed reload, in  0.758 seconds
Platform modules already initialized, skipping
Refreshing native plugins compatible for Editor in 0.35 ms, found 3 plugins.
Preloading 1 native plugins for Editor in 0.06 ms.
Unloading 1633 Unused Serialized files (Serialized files now loaded: 0)
System memory in use before: 91.9 MB.
System memory in use after: 91.9 MB.

Unloading 6 unused Assets to reduce memory usage. Loaded Objects now: 2158.
Total: 1.819000 ms (FindLiveObjects: 0.128600 ms CreateObjectMapping: 0.039600 ms MarkObjects: 1.597700 ms  DeleteObjects: 0.052300 ms)

========================================================================
Received Prepare
Registering precompiled user dll's ...
Registered in 0.001365 seconds.
Begin MonoManager ReloadAssembly
Native extension for WindowsStandalone target not found
Refreshing native plugins compatible for Editor in 0.36 ms, found 3 plugins.
Preloading 1 native plugins for Editor in 0.07 ms.
NullReferenceException: Object reference not set to an instance of an object
  at Unity.XR.Oculus.OculusLoader.AssetPathToAbsolutePath (System.String assetPath) [0x00048] in E:\GithHub\Le-Grande-Finale-\Archeological Expedition\Library\PackageCache\com.unity.xr.oculus@1.9.0\Runtime\OculusLoader.cs:249 
  at Unity.XR.Oculus.OculusLoader.EditorLoadOVRPlugin () [0x0007b] in E:\GithHub\Le-Grande-Finale-\Archeological Expedition\Library\PackageCache\com.unity.xr.oculus@1.9.0\Runtime\OculusLoader.cs:234 

(Filename: Library/PackageCache/com.unity.xr.oculus@1.9.0/Runtime/OculusLoader.cs Line: 249)

Mono: successfully reloaded assembly
- Completed reload, in  0.784 seconds
Platform modules already initialized, skipping
Refreshing native plugins compatible for Editor in 0.39 ms, found 3 plugins.
Preloading 1 native plugins for Editor in 0.06 ms.
Unloading 1633 Unused Serialized files (Serialized files now loaded: 0)
System memory in use before: 91.9 MB.
System memory in use after: 92.0 MB.

Unloading 6 unused Assets to reduce memory usage. Loaded Objects now: 2162.
Total: 2.433400 ms (FindLiveObjects: 0.145800 ms CreateObjectMapping: 0.044100 ms MarkObjects: 2.180800 ms  DeleteObjects: 0.061900 ms)

========================================================================
Received Prepare
Registering precompiled user dll's ...
Registered in 0.001137 seconds.
Begin MonoManager ReloadAssembly
Native extension for WindowsStandalone target not found
Refreshing native plugins compatible for Editor in 0.34 ms, found 3 plugins.
Preloading 1 native plugins for Editor in 0.09 ms.
NullReferenceException: Object reference not set to an instance of an object
  at Unity.XR.Oculus.OculusLoader.AssetPathToAbsolutePath (System.String assetPath) [0x00048] in E:\GithHub\Le-Grande-Finale-\Archeological Expedition\Library\PackageCache\com.unity.xr.oculus@1.9.0\Runtime\OculusLoader.cs:249 
  at Unity.XR.Oculus.OculusLoader.EditorLoadOVRPlugin () [0x0007b] in E:\GithHub\Le-Grande-Finale-\Archeological Expedition\Library\PackageCache\com.unity.xr.oculus@1.9.0\Runtime\OculusLoader.cs:234 

(Filename: Library/PackageCache/com.unity.xr.oculus@1.9.0/Runtime/OculusLoader.cs Line: 249)

Mono: successfully reloaded assembly
- Completed reload, in  0.730 seconds
Platform modules already initialized, skipping
Refreshing native plugins compatible for Editor in 0.34 ms, found 3 plugins.
Preloading 1 native plugins for Editor in 0.06 ms.
Unloading 1633 Unused Serialized files (Serialized files now loaded: 0)
System memory in use before: 91.9 MB.
System memory in use after: 92.0 MB.

Unloading 6 unused Assets to reduce memory usage. Loaded Objects now: 2166.
Total: 2.763700 ms (FindLiveObjects: 0.209800 ms CreateObjectMapping: 0.120600 ms MarkObjects: 2.350900 ms  DeleteObjects: 0.080300 ms)

========================================================================
Received Prepare
Registering precompiled user dll's ...
Registered in 0.001145 seconds.
Begin MonoManager ReloadAssembly
Native extension for WindowsStandalone target not found
Refreshing native plugins compatible for Editor in 0.33 ms, found 3 plugins.
Preloading 1 native plugins for Editor in 0.09 ms.
NullReferenceException: Object reference not set to an instance of an object
  at Unity.XR.Oculus.OculusLoader.AssetPathToAbsolutePath (System.String assetPath) [0x00048] in E:\GithHub\Le-Grande-Finale-\Archeological Expedition\Library\PackageCache\com.unity.xr.oculus@1.9.0\Runtime\OculusLoader.cs:249 
  at Unity.XR.Oculus.OculusLoader.EditorLoadOVRPlugin () [0x0007b] in E:\GithHub\Le-Grande-Finale-\Archeological Expedition\Library\PackageCache\com.unity.xr.oculus@1.9.0\Runtime\OculusLoader.cs:234 

(Filename: Library/PackageCache/com.unity.xr.oculus@1.9.0/Runtime/OculusLoader.cs Line: 249)

Mono: successfully reloaded assembly
- Completed reload, in  0.731 seconds
Platform modules already initialized, skipping
Refreshing native plugins compatible for Editor in 0.35 ms, found 3 plugins.
Preloading 1 native plugins for Editor in 0.06 ms.
Unloading 1633 Unused Serialized files (Serialized files now loaded: 0)
System memory in use before: 91.9 MB.
System memory in use after: 92.0 MB.

Unloading 6 unused Assets to reduce memory usage. Loaded Objects now: 2170.
Total: 2.183700 ms (FindLiveObjects: 0.163500 ms CreateObjectMapping: 0.038700 ms MarkObjects: 1.919200 ms  DeleteObjects: 0.061500 ms)

========================================================================
Received Prepare
Registering precompiled user dll's ...
Registered in 0.001245 seconds.
Begin MonoManager ReloadAssembly
Native extension for WindowsStandalone target not found
Refreshing native plugins compatible for Editor in 0.45 ms, found 3 plugins.
Preloading 1 native plugins for Editor in 0.10 ms.
NullReferenceException: Object reference not set to an instance of an object
  at Unity.XR.Oculus.OculusLoader.AssetPathToAbsolutePath (System.String assetPath) [0x00048] in E:\GithHub\Le-Grande-Finale-\Archeological Expedition\Library\PackageCache\com.unity.xr.oculus@1.9.0\Runtime\OculusLoader.cs:249 
  at Unity.XR.Oculus.OculusLoader.EditorLoadOVRPlugin () [0x0007b] in E:\GithHub\Le-Grande-Finale-\Archeological Expedition\Library\PackageCache\com.unity.xr.oculus@1.9.0\Runtime\OculusLoader.cs:234 

(Filename: Library/PackageCache/com.unity.xr.oculus@1.9.0/Runtime/OculusLoader.cs Line: 249)

Mono: successfully reloaded assembly
- Completed reload, in  0.906 seconds
Platform modules already initialized, skipping
Refreshing native plugins compatible for Editor in 0.36 ms, found 3 plugins.
Preloading 1 native plugins for Editor in 0.09 ms.
Unloading 1633 Unused Serialized files (Serialized files now loaded: 0)
System memory in use before: 92.0 MB.
System memory in use after: 92.0 MB.

Unloading 6 unused Assets to reduce memory usage. Loaded Objects now: 2174.
Total: 2.159300 ms (FindLiveObjects: 0.168400 ms CreateObjectMapping: 0.053400 ms MarkObjects: 1.873900 ms  DeleteObjects: 0.062900 ms)

AssetImportWorkerClient::OnTransportError - code=2 error=End of file
